TIME: 18:56:49 17/09/20
MEMORY LOAD: 50.2%
NEW LOG
F S UID          PID    PPID  C PRI  NI ADDR SZ WCHAN    RSS PSR STIME TTY          TIME CMD
4 S gan503     24951    1721  5  80   0 - 326447 poll_s 525536 3 17:27 ?        00:04:32 /opt/google/chrome/chrome

F S UID          PID    PPID  C PRI  NI ADDR SZ WCHAN    RSS PSR STIME TTY          TIME CMD
1 S gan503     25470   24968 57  80   0 - 2306626 futex_ 466080 5 17:28 ?       00:51:05 /opt/google/chrome/chrome --type=renderer --disable-webrtc-apm-in-audio-service --field-trial-handle=17478519252432158961,17232929060260223699,131072 --lang=en-GB --extension-process --enable-auto-reload --num-raster-threads=4 --enable-main-frame-before-activation --renderer-client-id=26 --no-v8-untrusted-code-mitigations --shared-files

F S UID          PID    PPID  C PRI  NI ADDR SZ WCHAN    RSS PSR STIME TTY          TIME CMD
0 S gan503     26918   26864  3  80   0 - 1528236 futex_ 362072 4 18:26 ?       00:01:04 /usr/share/skypeforlinux/skypeforlinux --type=renderer --autoplay-policy=no-user-gesture-required --disable-background-timer-throttling --ms-disable-indexeddb-transaction-timeout --field-trial-handle=11080677814756407924,7788773878407714314,131072 --disable-features=PictureInPicture,SpareRendererForSitePerProcess --lang=en-GB --app-path=/usr/share/skypeforlinux/resources/app.asar --webview-tag --no-sandbox --no-zygote --native-window-open --preload=/usr/share/skypeforlinux/resources/app.asar/Preload.js --disable-remote-module --background-color=#fff --node-integration-in-subframes --enable-websql --enable-spellcheck --electron-shared-settings=eyJjci5jb21wYW55IjoiRWxlY3Ryb24iLCJjci5kdW1wcyI6IiIsImNyLmVuYWJsZWQiOmZhbHNlLCJjci5wcm9kdWN0IjoiRWxlY3Ryb24iLCJjci5zZXNzaW9uIjoiIiwiY3IudXJsIjoiIiwiY3IudmVyc2lvbiI6IiJ9 --num-raster-threads=4 --enable-main-frame-before-activation --service-request-channel-token=17526389165976972427 --renderer-client-id=5 --no-v8-untrusted-code-mitigations --shared-files=v8_context_snapshot_data:100,v8_natives_data:101 --skype-process-type=Main --skype-window-id=__MAIN_ROOT_VIEW_ID__

F S UID          PID    PPID  C PRI  NI ADDR SZ WCHAN    RSS PSR STIME TTY          TIME CMD
4 S gan503      2297    1721  0  80   0 - 332808 poll_s 335356 4 15:13 ?        00:00:10 /snap/snap-store/467/usr/bin/snap-store --gapplication-service

F S UID          PID    PPID  C PRI  NI ADDR SZ WCHAN    RSS PSR STIME TTY          TIME CMD
0 S gan503      2063    1721  6  80   0 - 1210870 poll_s 329832 0 15:13 ?       00:13:47 /usr/bin/gnome-shell

Name:	chrome
Umask:	0002
State:	S (sleeping)
Tgid:	24951
Ngid:	0
Pid:	24951
PPid:	1721
TracerPid:	0
Uid:	1000	1000	1000	1000
Gid:	1000	1000	1000	1000
FDSize:	1024
Groups:	4 24 27 30 46 120 131 132 998 1000 
NStgid:	24951
NSpid:	24951
NSpgid:	2034
NSsid:	2034
VmPeak:	 1396392 kB
VmSize:	 1305788 kB
VmLck:	      16 kB
VmPin:	       0 kB
VmHWM:	  531112 kB
VmRSS:	  525536 kB
RssAnon:	  153884 kB
RssFile:	  141596 kB
RssShmem:	  230056 kB
VmData:	  460132 kB
VmStk:	     132 kB
VmExe:	  151928 kB
VmLib:	     436 kB
VmPTE:	    2120 kB
VmSwap:	       0 kB
HugetlbPages:	       0 kB
CoreDumping:	0
THP_enabled:	1
Threads:	30
SigQ:	0/31143
SigPnd:	0000000000000000
ShdPnd:	0000000000000000
SigBlk:	0000000000000000
SigIgn:	0000000000001000
SigCgt:	0000000180014003
CapInh:	0000000000000000
CapPrm:	0000000000000000
CapEff:	0000000000000000
CapBnd:	0000003fffffffff
CapAmb:	0000000000000000
NoNewPrivs:	0
Seccomp:	0
Speculation_Store_Bypass:	thread vulnerable
Cpus_allowed:	ff
Cpus_allowed_list:	0-7
Mems_allowed:	00000000,00000000,00000000,00000000,00000000,00000000,00000000,00000000,00000000,00000000,00000000,00000000,00000000,00000000,00000000,00000000,00000000,00000000,00000000,00000000,00000000,00000000,00000000,00000000,00000000,00000000,00000000,00000000,00000000,00000000,00000000,00000001
Mems_allowed_list:	0
voluntary_ctxt_switches:	620773
nonvoluntary_ctxt_switches:	16009

Name:	chrome
Umask:	0002
State:	S (sleeping)
Tgid:	25470
Ngid:	0
Pid:	25470
PPid:	24968
TracerPid:	0
Uid:	1000	1000	1000	1000
Gid:	1000	1000	1000	1000
FDSize:	256
Groups:	4 24 27 30 46 120 131 132 998 1000 
NStgid:	25470	316	1
NSpid:	25470	316	1
NSpgid:	2034	0	0
NSsid:	2034	0	0
VmPeak:	17615424 kB
VmSize:	 9226504 kB
VmLck:	       0 kB
VmPin:	       0 kB
VmHWM:	  482492 kB
VmRSS:	  466080 kB
RssAnon:	  327644 kB
RssFile:	   94932 kB
RssShmem:	   43504 kB
VmData:	  624096 kB
VmStk:	     192 kB
VmExe:	  151928 kB
VmLib:	   23440 kB
VmPTE:	    2664 kB
VmSwap:	       0 kB
HugetlbPages:	       0 kB
CoreDumping:	0
THP_enabled:	1
Threads:	20
SigQ:	0/31143
SigPnd:	0000000000000000
ShdPnd:	0000000000000000
SigBlk:	0000000000000000
SigIgn:	0000000000001002
SigCgt:	00000001c0014a25
CapInh:	0000000000000000
CapPrm:	0000000000000000
CapEff:	0000000000000000
CapBnd:	0000003fffffffff
CapAmb:	0000000000000000
NoNewPrivs:	1
Seccomp:	2
Speculation_Store_Bypass:	thread force mitigated
Cpus_allowed:	ff
Cpus_allowed_list:	0-7
Mems_allowed:	00000000,00000000,00000000,00000000,00000000,00000000,00000000,00000000,00000000,00000000,00000000,00000000,00000000,00000000,00000000,00000000,00000000,00000000,00000000,00000000,00000000,00000000,00000000,00000000,00000000,00000000,00000000,00000000,00000000,00000000,00000000,00000001
Mems_allowed_list:	0
voluntary_ctxt_switches:	1636184
nonvoluntary_ctxt_switches:	79319

Name:	skypeforlinux
Umask:	0077
State:	S (sleeping)
Tgid:	26918
Ngid:	0
Pid:	26918
PPid:	26864
TracerPid:	0
Uid:	1000	1000	1000	1000
Gid:	1000	1000	1000	1000
FDSize:	256
Groups:	4 24 27 30 46 120 131 132 998 1000 
NStgid:	26918
NSpid:	26918
NSpgid:	2034
NSsid:	2034
VmPeak:	 6316732 kB
VmSize:	 6112944 kB
VmLck:	       0 kB
VmPin:	       0 kB
VmHWM:	  405044 kB
VmRSS:	  362072 kB
RssAnon:	  231820 kB
RssFile:	  127320 kB
RssShmem:	    2932 kB
VmData:	  632928 kB
VmStk:	     136 kB
VmExe:	  109352 kB
VmLib:	   48736 kB
VmPTE:	    5400 kB
VmSwap:	       0 kB
HugetlbPages:	       0 kB
CoreDumping:	0
THP_enabled:	1
Threads:	44
SigQ:	0/31143
SigPnd:	0000000000000000
ShdPnd:	0000000000000000
SigBlk:	0000000000002000
SigIgn:	0000000000001000
SigCgt:	00000001800006f8
CapInh:	0000000000000000
CapPrm:	0000000000000000
CapEff:	0000000000000000
CapBnd:	0000003fffffffff
CapAmb:	0000000000000000
NoNewPrivs:	0
Seccomp:	0
Speculation_Store_Bypass:	thread vulnerable
Cpus_allowed:	ff
Cpus_allowed_list:	0-7
Mems_allowed:	00000000,00000000,00000000,00000000,00000000,00000000,00000000,00000000,00000000,00000000,00000000,00000000,00000000,00000000,00000000,00000000,00000000,00000000,00000000,00000000,00000000,00000000,00000000,00000000,00000000,00000000,00000000,00000000,00000000,00000000,00000000,00000001
Mems_allowed_list:	0
voluntary_ctxt_switches:	13055
nonvoluntary_ctxt_switches:	1247

Name:	snap-store
Umask:	0022
State:	S (sleeping)
Tgid:	2297
Ngid:	0
Pid:	2297
PPid:	1721
TracerPid:	0
Uid:	1000	1000	1000	1000
Gid:	1000	1000	1000	1000
FDSize:	256
Groups:	4 24 27 30 46 120 131 132 998 1000 
NStgid:	2297
NSpid:	2297
NSpgid:	2034
NSsid:	2034
VmPeak:	 1391928 kB
VmSize:	 1331232 kB
VmLck:	       0 kB
VmPin:	       0 kB
VmHWM:	  335356 kB
VmRSS:	  335356 kB
RssAnon:	  288424 kB
RssFile:	   45588 kB
RssShmem:	    1344 kB
VmData:	  352992 kB
VmStk:	     136 kB
VmExe:	     876 kB
VmLib:	   81544 kB
VmPTE:	    1396 kB
VmSwap:	       0 kB
HugetlbPages:	       0 kB
CoreDumping:	0
THP_enabled:	1
Threads:	4
SigQ:	0/31143
SigPnd:	0000000000000000
ShdPnd:	0000000000000000
SigBlk:	0000000000000000
SigIgn:	0000000000001000
SigCgt:	0000000180000000
CapInh:	0000000000000000
CapPrm:	0000000000000000
CapEff:	0000000000000000
CapBnd:	0000003fffffffff
CapAmb:	0000000000000000
NoNewPrivs:	0
Seccomp:	2
Speculation_Store_Bypass:	thread force mitigated
Cpus_allowed:	ff
Cpus_allowed_list:	0-7
Mems_allowed:	00000000,00000000,00000000,00000000,00000000,00000000,00000000,00000000,00000000,00000000,00000000,00000000,00000000,00000000,00000000,00000000,00000000,00000000,00000000,00000000,00000000,00000000,00000000,00000000,00000000,00000000,00000000,00000000,00000000,00000000,00000000,00000001
Mems_allowed_list:	0
voluntary_ctxt_switches:	6352
nonvoluntary_ctxt_switches:	2189

Name:	gnome-shell
Umask:	0002
State:	S (sleeping)
Tgid:	2063
Ngid:	0
Pid:	2063
PPid:	1721
TracerPid:	0
Uid:	1000	1000	1000	1000
Gid:	1000	1000	1000	1000
FDSize:	64
Groups:	4 24 27 30 46 120 131 132 998 1000 
NStgid:	2063
NSpid:	2063
NSpgid:	2063
NSsid:	2063
VmPeak:	 4876524 kB
VmSize:	 4843480 kB
VmLck:	       0 kB
VmPin:	       0 kB
VmHWM:	  353464 kB
VmRSS:	  329832 kB
RssAnon:	  212960 kB
RssFile:	  104520 kB
RssShmem:	   12352 kB
VmData:	  330132 kB
VmStk:	     132 kB
VmExe:	      16 kB
VmLib:	  150912 kB
VmPTE:	    1380 kB
VmSwap:	       0 kB
HugetlbPages:	       0 kB
CoreDumping:	0
THP_enabled:	1
Threads:	18
SigQ:	0/31143
SigPnd:	0000000000000000
ShdPnd:	0000000000000000
SigBlk:	0000000000000000
SigIgn:	0000000001001000
SigCgt:	00000001800044f8
CapInh:	0000000000000000
CapPrm:	0000000000000000
CapEff:	0000000000000000
CapBnd:	0000003fffffffff
CapAmb:	0000000000000000
NoNewPrivs:	0
Seccomp:	0
Speculation_Store_Bypass:	thread vulnerable
Cpus_allowed:	ff
Cpus_allowed_list:	0-7
Mems_allowed:	00000000,00000000,00000000,00000000,00000000,00000000,00000000,00000000,00000000,00000000,00000000,00000000,00000000,00000000,00000000,00000000,00000000,00000000,00000000,00000000,00000000,00000000,00000000,00000000,00000000,00000000,00000000,00000000,00000000,00000000,00000000,00000001
Mems_allowed_list:	0
voluntary_ctxt_switches:	1496116
nonvoluntary_ctxt_switches:	27823

