NEW LOG FOR SYSTEM: Linux raspberry 4.19.0-10-686 #1 SMP Debian 4.19.132-1 (2020-07-24) i686 GNU/Linux

TIME: 22:22:33 17/09/20
MEMORY USAGE: 14.1%
            name username                                       cwd        create_time    status  cpu_percent  rss
pid                                                                                                               
1084  lxterminal       pi                                  /home/pi  22:15:22 17/09/20  sleeping          0.0   48
587         Xorg     root                                      None  22:15:06 17/09/20  sleeping          0.0   43
1319     python3       pi  /home/pi/Desktop/project/ver2/sysmonitor  22:22:19 17/09/20   running          0.0   41
1286    mousepad       pi                                  /home/pi  22:19:50 17/09/20  sleeping          0.0   31
907      lxpanel       pi                                  /home/pi  22:15:08 17/09/20  sleeping          0.0   30

CONTINUING THE LOG WHICH STARTED 0 MINUTES AGO
TIME: 22:23:18 17/09/20
MEMORY USAGE: 14.3%
            name username                                       cwd        create_time    status  cpu_percent  rss
pid                                                                                                               
1084  lxterminal       pi                                  /home/pi  22:15:22 17/09/20  sleeping          0.0   48
587         Xorg     root                                      None  22:15:06 17/09/20  sleeping          3.3   43
1319     python3       pi  /home/pi/Desktop/project/ver2/sysmonitor  22:22:19 17/09/20   running          0.2   42
1286    mousepad       pi                                  /home/pi  22:19:50 17/09/20  sleeping          0.0   31
907      lxpanel       pi                                  /home/pi  22:15:08 17/09/20  sleeping          0.2   30

CONTINUING THE LOG WHICH STARTED 1 MINUTES AGO
TIME: 22:24:18 17/09/20
MEMORY USAGE: 14.5%
            name username                                       cwd        create_time    status  cpu_percent  rss
pid                                                                                                               
1084  lxterminal       pi                                  /home/pi  22:15:22 17/09/20  sleeping          0.0   48
587         Xorg     root                                      None  22:15:06 17/09/20  sleeping          0.9   45
1319     python3       pi  /home/pi/Desktop/project/ver2/sysmonitor  22:22:19 17/09/20   running          0.1   42
1286    mousepad       pi                                  /home/pi  22:19:50 17/09/20  sleeping          0.0   31
907      lxpanel       pi                                  /home/pi  22:15:08 17/09/20  sleeping          0.1   30

CONTINUING THE LOG WHICH STARTED 2 MINUTES AGO
TIME: 22:25:18 17/09/20
MEMORY USAGE: 14.2%
            name username                                       cwd        create_time    status  cpu_percent  rss
pid                                                                                                               
1084  lxterminal       pi                                  /home/pi  22:15:22 17/09/20  sleeping          0.0   48
587         Xorg     root                                      None  22:15:06 17/09/20  sleeping          3.6   45
1319     python3       pi  /home/pi/Desktop/project/ver2/sysmonitor  22:22:19 17/09/20   running          0.1   42
907      lxpanel       pi                                  /home/pi  22:15:08 17/09/20  sleeping          0.3   30
1448    mousepad       pi                                  /home/pi  22:25:16 17/09/20  sleeping          0.0   30

CONTINUING THE LOG WHICH STARTED 3 MINUTES AGO
TIME: 22:26:18 17/09/20
MEMORY USAGE: 14.0%
            name username                                       cwd        create_time    status  cpu_percent  rss
pid                                                                                                               
1084  lxterminal       pi                                  /home/pi  22:15:22 17/09/20  sleeping          0.0   48
587         Xorg     root                                      None  22:15:06 17/09/20  sleeping          3.9   43
1319     python3       pi  /home/pi/Desktop/project/ver2/sysmonitor  22:22:19 17/09/20   running          0.1   42
907      lxpanel       pi                                  /home/pi  22:15:08 17/09/20  sleeping          0.1   30
908      pcmanfm       pi                                  /home/pi  22:15:08 17/09/20  sleeping          0.5   26

CONTINUING THE LOG WHICH STARTED 4 MINUTES AGO
TIME: 22:27:19 17/09/20
MEMORY USAGE: 14.1%
            name username                                       cwd        create_time    status  cpu_percent  rss
pid                                                                                                               
1084  lxterminal       pi                                  /home/pi  22:15:22 17/09/20  sleeping          0.0   48
587         Xorg     root                                      None  22:15:06 17/09/20  sleeping          0.7   43
1319     python3       pi  /home/pi/Desktop/project/ver2/sysmonitor  22:22:19 17/09/20   running          0.1   42
1509    mousepad       pi                                  /home/pi  22:26:29 17/09/20  sleeping          0.0   31
907      lxpanel       pi                                  /home/pi  22:15:08 17/09/20  sleeping          0.1   30

CONTINUING THE LOG WHICH STARTED 5 MINUTES AGO
TIME: 22:28:19 17/09/20
MEMORY USAGE: 15.0%
            name username                cwd        create_time    status  cpu_percent  rss
pid                                                                                        
1562    chromium       pi           /home/pi  22:28:17 17/09/20  sleeping          0.0   93
1564    chromium       pi  /proc/1565/fdinfo  22:28:17 17/09/20  sleeping          0.0   92
1547    chromium       pi           /home/pi  22:28:17 17/09/20   running          0.0   88
1084  lxterminal       pi           /home/pi  22:15:22 17/09/20  sleeping          0.0   48
587         Xorg     root               None  22:15:06 17/09/20  sleeping          2.1   45

CONTINUING THE LOG WHICH STARTED 6 MINUTES AGO
TIME: 22:29:19 17/09/20
MEMORY USAGE: 19.8%
          name username       cwd        create_time    status  cpu_percent  rss
pid                                                                             
1633  chromium       pi      None  22:28:19 17/09/20  sleeping          0.0  155
1547  chromium       pi  /home/pi  22:28:17 17/09/20  sleeping          5.6  152
1668  chromium       pi      None  22:28:20 17/09/20  sleeping          0.0  107
1615  chromium       pi  /home/pi  22:28:18 17/09/20  sleeping          0.0  103
1562  chromium       pi  /home/pi  22:28:17 17/09/20  sleeping          0.0   93

