TIME: 22:22:33 17/09/20
MEMORY USAGE: 14.1%
NEW LOG
F S UID        PID  PPID  C PRI  NI ADDR SZ WCHAN    RSS PSR STIME TTY          TIME CMD
0 S pi        1084   907  0  80   0 - 44175 poll_s 49532   0 22:15 ?        00:00:02 lxterminal

F S UID        PID  PPID  C PRI  NI ADDR SZ WCHAN    RSS PSR STIME TTY          TIME CMD
4 S root       587   544  1  80   0 - 38503 -      43868   0 22:15 tty7     00:00:05 /usr/lib/xorg/Xorg :0 -seat seat0 -auth /var/run/lightdm/root/:0 -nolisten tcp vt7 -novtswitch

F S UID        PID  PPID  C PRI  NI ADDR SZ WCHAN    RSS PSR STIME TTY          TIME CMD
4 S pi        1319     1  4  80   0 - 18119 pipe_w 43348   0 22:22 ?        00:00:00 /usr/bin/python3 /home/pi/Desktop/project/ver2/sysmonitor/sysmonitor_example.py > /home/pi/Desktop/project/ver2/sysmonitor/sample.log 2>&1

F S UID        PID  PPID  C PRI  NI ADDR SZ WCHAN    RSS PSR STIME TTY          TIME CMD
0 S pi        1286   908  0  80   0 - 28627 poll_s 31396   0 22:19 ?        00:00:00 mousepad /home/pi/Desktop/project/ver2/sysmonitor/general_proc_info.log

F S UID        PID  PPID  C PRI  NI ADDR SZ WCHAN    RSS PSR STIME TTY          TIME CMD
0 S pi         907   839  0  80   0 - 38370 poll_s 31012   0 22:15 ?        00:00:01 lxpanel --profile LXDE-pi

Name:	lxterminal
Umask:	0022
State:	S (sleeping)
Tgid:	1084
Ngid:	0
Pid:	1084
PPid:	907
TracerPid:	0
Uid:	1000	1000	1000	1000
Gid:	1000	1000	1000	1000
FDSize:	32
Groups:	4 20 24 27 29 44 46 60 100 105 109 997 998 999 1000 
NStgid:	1084
NSpid:	1084
NSpgid:	839
NSsid:	839
VmPeak:	  176700 kB
VmSize:	  176700 kB
VmLck:	       0 kB
VmPin:	       0 kB
VmHWM:	   49532 kB
VmRSS:	   49532 kB
RssAnon:	   10244 kB
RssFile:	   39288 kB
RssShmem:	       0 kB
VmData:	   41624 kB
VmStk:	     132 kB
VmExe:	      56 kB
VmLib:	   81476 kB
VmPTE:	     148 kB
VmSwap:	       0 kB
HugetlbPages:	       0 kB
CoreDumping:	0
Threads:	3
SigQ:	0/27847
SigPnd:	0000000000000000
ShdPnd:	0000000000000000
SigBlk:	0000000000000000
SigIgn:	0000000000001000
SigCgt:	0000000180010000
CapInh:	0000000000000000
CapPrm:	0000000000000000
CapEff:	0000000000000000
CapBnd:	0000003fffffffff
CapAmb:	0000000000000000
NoNewPrivs:	0
Seccomp:	0
Speculation_Store_Bypass:	vulnerable
Cpus_allowed:	1
Cpus_allowed_list:	0
Mems_allowed:	1
Mems_allowed_list:	0
voluntary_ctxt_switches:	8040
nonvoluntary_ctxt_switches:	3263

Name:	Xorg
Umask:	0022
State:	S (sleeping)
Tgid:	587
Ngid:	0
Pid:	587
PPid:	544
TracerPid:	0
Uid:	0	0	0	0
Gid:	0	0	0	0
FDSize:	256
Groups:	 
NStgid:	587
NSpid:	587
NSpgid:	587
NSsid:	587
VmPeak:	  167088 kB
VmSize:	  154012 kB
VmLck:	       0 kB
VmPin:	       0 kB
VmHWM:	   48360 kB
VmRSS:	   43868 kB
RssAnon:	   14084 kB
RssFile:	   28440 kB
RssShmem:	    1344 kB
VmData:	   22120 kB
VmStk:	     132 kB
VmExe:	    1776 kB
VmLib:	   73876 kB
VmPTE:	     140 kB
VmSwap:	       0 kB
HugetlbPages:	       0 kB
CoreDumping:	0
Threads:	2
SigQ:	0/27847
SigPnd:	0000000000000000
ShdPnd:	0000000000000000
SigBlk:	0000000000000000
SigIgn:	0000000000001000
SigCgt:	00000001c18066ef
CapInh:	0000000000000000
CapPrm:	0000003fffffffff
CapEff:	0000003fffffffff
CapBnd:	0000003fffffffff
CapAmb:	0000000000000000
NoNewPrivs:	0
Seccomp:	0
Speculation_Store_Bypass:	vulnerable
Cpus_allowed:	1
Cpus_allowed_list:	0
Mems_allowed:	1
Mems_allowed_list:	0
voluntary_ctxt_switches:	22378
nonvoluntary_ctxt_switches:	23215

Name:	python3
Umask:	0022
State:	S (sleeping)
Tgid:	1319
Ngid:	0
Pid:	1319
PPid:	1
TracerPid:	0
Uid:	1000	1000	1000	1000
Gid:	1000	1000	1000	1000
FDSize:	256
Groups:	4 20 24 27 29 44 46 60 100 105 109 997 998 999 1000 
NStgid:	1319
NSpid:	1319
NSpgid:	1319
NSsid:	1319
VmPeak:	   72476 kB
VmSize:	   72476 kB
VmLck:	       0 kB
VmPin:	       0 kB
VmHWM:	   43348 kB
VmRSS:	   43348 kB
RssAnon:	   21940 kB
RssFile:	   21408 kB
RssShmem:	       0 kB
VmData:	   22492 kB
VmStk:	     132 kB
VmExe:	    2316 kB
VmLib:	   33628 kB
VmPTE:	      84 kB
VmSwap:	       0 kB
HugetlbPages:	       0 kB
CoreDumping:	0
Threads:	1
SigQ:	0/27847
SigPnd:	0000000000000000
ShdPnd:	0000000000000000
SigBlk:	0000000000000000
SigIgn:	0000000001001000
SigCgt:	0000000180000002
CapInh:	0000000000000000
CapPrm:	0000000000000000
CapEff:	0000000000000000
CapBnd:	0000003fffffffff
CapAmb:	0000000000000000
NoNewPrivs:	0
Seccomp:	0
Speculation_Store_Bypass:	vulnerable
Cpus_allowed:	1
Cpus_allowed_list:	0
Mems_allowed:	1
Mems_allowed_list:	0
voluntary_ctxt_switches:	30
nonvoluntary_ctxt_switches:	179

Name:	mousepad
Umask:	0022
State:	S (sleeping)
Tgid:	1286
Ngid:	0
Pid:	1286
PPid:	908
TracerPid:	0
Uid:	1000	1000	1000	1000
Gid:	1000	1000	1000	1000
FDSize:	32
Groups:	4 20 24 27 29 44 46 60 100 105 109 997 998 999 1000 
NStgid:	1286
NSpid:	1286
NSpgid:	839
NSsid:	839
VmPeak:	  114508 kB
VmSize:	  114508 kB
VmLck:	       0 kB
VmPin:	       0 kB
VmHWM:	   31396 kB
VmRSS:	   31396 kB
RssAnon:	    6304 kB
RssFile:	   25088 kB
RssShmem:	       4 kB
VmData:	   38688 kB
VmStk:	     132 kB
VmExe:	     164 kB
VmLib:	   21588 kB
VmPTE:	      80 kB
VmSwap:	       0 kB
HugetlbPages:	       0 kB
CoreDumping:	0
Threads:	4
SigQ:	0/27847
SigPnd:	0000000000000000
ShdPnd:	0000000000000000
SigBlk:	0000000000000000
SigIgn:	0000000000001000
SigCgt:	0000000180000000
CapInh:	0000000000000000
CapPrm:	0000000000000000
CapEff:	0000000000000000
CapBnd:	0000003fffffffff
CapAmb:	0000000000000000
NoNewPrivs:	0
Seccomp:	0
Speculation_Store_Bypass:	vulnerable
Cpus_allowed:	1
Cpus_allowed_list:	0
Mems_allowed:	1
Mems_allowed_list:	0
voluntary_ctxt_switches:	676
nonvoluntary_ctxt_switches:	739

Name:	lxpanel
Umask:	0022
State:	S (sleeping)
Tgid:	907
Ngid:	0
Pid:	907
PPid:	839
TracerPid:	0
Uid:	1000	1000	1000	1000
Gid:	1000	1000	1000	1000
FDSize:	32
Groups:	4 20 24 27 29 44 46 60 100 105 109 997 998 999 1000 
NStgid:	907
NSpid:	907
NSpgid:	839
NSsid:	839
VmPeak:	  162740 kB
VmSize:	  153480 kB
VmLck:	       0 kB
VmPin:	       0 kB
VmHWM:	   33940 kB
VmRSS:	   31012 kB
RssAnon:	    5836 kB
RssFile:	   24812 kB
RssShmem:	     364 kB
VmData:	   70564 kB
VmStk:	     132 kB
VmExe:	     116 kB
VmLib:	   25728 kB
VmPTE:	     112 kB
VmSwap:	       0 kB
HugetlbPages:	       0 kB
CoreDumping:	0
Threads:	4
SigQ:	0/27847
SigPnd:	0000000000000000
ShdPnd:	0000000000000000
SigBlk:	0000000000000000
SigIgn:	0000000000001000
SigCgt:	0000000180010000
CapInh:	0000000000000000
CapPrm:	0000000000000000
CapEff:	0000000000000000
CapBnd:	0000003fffffffff
CapAmb:	0000000000000000
NoNewPrivs:	0
Seccomp:	0
Speculation_Store_Bypass:	vulnerable
Cpus_allowed:	1
Cpus_allowed_list:	0
Mems_allowed:	1
Mems_allowed_list:	0
voluntary_ctxt_switches:	11363
nonvoluntary_ctxt_switches:	2090

TIME: 22:23:18 17/09/20
MEMORY USAGE: 14.3%
CONTINUING THE LOG WHICH STARTED 0 MINUTES AGO
F S UID        PID  PPID  C PRI  NI ADDR SZ WCHAN    RSS PSR STIME TTY          TIME CMD
0 S pi        1084   907  0  80   0 - 44175 poll_s 49532   0 22:15 ?        00:00:02 lxterminal

F S UID        PID  PPID  C PRI  NI ADDR SZ WCHAN    RSS PSR STIME TTY          TIME CMD
4 S root       587   544  1  80   0 - 38762 -      44280   0 22:15 tty7     00:00:07 /usr/lib/xorg/Xorg :0 -seat seat0 -auth /var/run/lightdm/root/:0 -nolisten tcp vt7 -novtswitch

F S UID        PID  PPID  C PRI  NI ADDR SZ WCHAN    RSS PSR STIME TTY          TIME CMD
4 S pi        1319     1  1  80   0 - 18119 pipe_w 43368   0 22:22 ?        00:00:00 /usr/bin/python3 /home/pi/Desktop/project/ver2/sysmonitor/sysmonitor_example.py > /home/pi/Desktop/project/ver2/sysmonitor/sample.log 2>&1

F S UID        PID  PPID  C PRI  NI ADDR SZ WCHAN    RSS PSR STIME TTY          TIME CMD
0 S pi        1286   908  0  80   0 - 28636 poll_s 31432   0 22:19 ?        00:00:00 mousepad /home/pi/Desktop/project/ver2/sysmonitor/general_proc_info.log

F S UID        PID  PPID  C PRI  NI ADDR SZ WCHAN    RSS PSR STIME TTY          TIME CMD
0 S pi         907   839  0  80   0 - 38385 poll_s 31060   0 22:15 ?        00:00:01 lxpanel --profile LXDE-pi

Name:	lxterminal
Umask:	0022
State:	S (sleeping)
Tgid:	1084
Ngid:	0
Pid:	1084
PPid:	907
TracerPid:	0
Uid:	1000	1000	1000	1000
Gid:	1000	1000	1000	1000
FDSize:	32
Groups:	4 20 24 27 29 44 46 60 100 105 109 997 998 999 1000 
NStgid:	1084
NSpid:	1084
NSpgid:	839
NSsid:	839
VmPeak:	  176700 kB
VmSize:	  176700 kB
VmLck:	       0 kB
VmPin:	       0 kB
VmHWM:	   49532 kB
VmRSS:	   49532 kB
RssAnon:	   10244 kB
RssFile:	   39288 kB
RssShmem:	       0 kB
VmData:	   41624 kB
VmStk:	     132 kB
VmExe:	      56 kB
VmLib:	   81476 kB
VmPTE:	     148 kB
VmSwap:	       0 kB
HugetlbPages:	       0 kB
CoreDumping:	0
Threads:	3
SigQ:	0/27847
SigPnd:	0000000000000000
ShdPnd:	0000000000000000
SigBlk:	0000000000000000
SigIgn:	0000000000001000
SigCgt:	0000000180010000
CapInh:	0000000000000000
CapPrm:	0000000000000000
CapEff:	0000000000000000
CapBnd:	0000003fffffffff
CapAmb:	0000000000000000
NoNewPrivs:	0
Seccomp:	0
Speculation_Store_Bypass:	vulnerable
Cpus_allowed:	1
Cpus_allowed_list:	0
Mems_allowed:	1
Mems_allowed_list:	0
voluntary_ctxt_switches:	8103
nonvoluntary_ctxt_switches:	3263

Name:	Xorg
Umask:	0022
State:	S (sleeping)
Tgid:	587
Ngid:	0
Pid:	587
PPid:	544
TracerPid:	0
Uid:	0	0	0	0
Gid:	0	0	0	0
FDSize:	256
Groups:	 
NStgid:	587
NSpid:	587
NSpgid:	587
NSsid:	587
VmPeak:	  167088 kB
VmSize:	  155048 kB
VmLck:	       0 kB
VmPin:	       0 kB
VmHWM:	   50860 kB
VmRSS:	   44280 kB
RssAnon:	   14488 kB
RssFile:	   28440 kB
RssShmem:	    1352 kB
VmData:	   22644 kB
VmStk:	     132 kB
VmExe:	    1776 kB
VmLib:	   73876 kB
VmPTE:	     144 kB
VmSwap:	       0 kB
HugetlbPages:	       0 kB
CoreDumping:	0
Threads:	2
SigQ:	0/27847
SigPnd:	0000000000000000
ShdPnd:	0000000000000000
SigBlk:	0000000000000000
SigIgn:	0000000000001000
SigCgt:	00000001c18066ef
CapInh:	0000000000000000
CapPrm:	0000003fffffffff
CapEff:	0000003fffffffff
CapBnd:	0000003fffffffff
CapAmb:	0000000000000000
NoNewPrivs:	0
Seccomp:	0
Speculation_Store_Bypass:	vulnerable
Cpus_allowed:	1
Cpus_allowed_list:	0
Mems_allowed:	1
Mems_allowed_list:	0
voluntary_ctxt_switches:	25406
nonvoluntary_ctxt_switches:	28884

Name:	python3
Umask:	0022
State:	S (sleeping)
Tgid:	1319
Ngid:	0
Pid:	1319
PPid:	1
TracerPid:	0
Uid:	1000	1000	1000	1000
Gid:	1000	1000	1000	1000
FDSize:	256
Groups:	4 20 24 27 29 44 46 60 100 105 109 997 998 999 1000 
NStgid:	1319
NSpid:	1319
NSpgid:	1319
NSsid:	1319
VmPeak:	   72476 kB
VmSize:	   72476 kB
VmLck:	       0 kB
VmPin:	       0 kB
VmHWM:	   43368 kB
VmRSS:	   43368 kB
RssAnon:	   21960 kB
RssFile:	   21408 kB
RssShmem:	       0 kB
VmData:	   22492 kB
VmStk:	     132 kB
VmExe:	    2316 kB
VmLib:	   33628 kB
VmPTE:	      84 kB
VmSwap:	       0 kB
HugetlbPages:	       0 kB
CoreDumping:	0
Threads:	1
SigQ:	0/27847
SigPnd:	0000000000000000
ShdPnd:	0000000000000000
SigBlk:	0000000000000000
SigIgn:	0000000001001000
SigCgt:	0000000180000002
CapInh:	0000000000000000
CapPrm:	0000000000000000
CapEff:	0000000000000000
CapBnd:	0000003fffffffff
CapAmb:	0000000000000000
NoNewPrivs:	0
Seccomp:	0
Speculation_Store_Bypass:	vulnerable
Cpus_allowed:	1
Cpus_allowed_list:	0
Mems_allowed:	1
Mems_allowed_list:	0
voluntary_ctxt_switches:	75
nonvoluntary_ctxt_switches:	193

Name:	mousepad
Umask:	0022
State:	S (sleeping)
Tgid:	1286
Ngid:	0
Pid:	1286
PPid:	908
TracerPid:	0
Uid:	1000	1000	1000	1000
Gid:	1000	1000	1000	1000
FDSize:	32
Groups:	4 20 24 27 29 44 46 60 100 105 109 997 998 999 1000 
NStgid:	1286
NSpid:	1286
NSpgid:	839
NSsid:	839
VmPeak:	  114544 kB
VmSize:	  114544 kB
VmLck:	       0 kB
VmPin:	       0 kB
VmHWM:	   31436 kB
VmRSS:	   31432 kB
RssAnon:	    6308 kB
RssFile:	   25120 kB
RssShmem:	       4 kB
VmData:	   38688 kB
VmStk:	     132 kB
VmExe:	     164 kB
VmLib:	   21588 kB
VmPTE:	      84 kB
VmSwap:	       0 kB
HugetlbPages:	       0 kB
CoreDumping:	0
Threads:	4
SigQ:	0/27847
SigPnd:	0000000000000000
ShdPnd:	0000000000000000
SigBlk:	0000000000000000
SigIgn:	0000000000001000
SigCgt:	0000000180000000
CapInh:	0000000000000000
CapPrm:	0000000000000000
CapEff:	0000000000000000
CapBnd:	0000003fffffffff
CapAmb:	0000000000000000
NoNewPrivs:	0
Seccomp:	0
Speculation_Store_Bypass:	vulnerable
Cpus_allowed:	1
Cpus_allowed_list:	0
Mems_allowed:	1
Mems_allowed_list:	0
voluntary_ctxt_switches:	785
nonvoluntary_ctxt_switches:	741

Name:	lxpanel
Umask:	0022
State:	S (sleeping)
Tgid:	907
Ngid:	0
Pid:	907
PPid:	839
TracerPid:	0
Uid:	1000	1000	1000	1000
Gid:	1000	1000	1000	1000
FDSize:	32
Groups:	4 20 24 27 29 44 46 60 100 105 109 997 998 999 1000 
NStgid:	907
NSpid:	907
NSpgid:	839
NSsid:	839
VmPeak:	  162740 kB
VmSize:	  153540 kB
VmLck:	       0 kB
VmPin:	       0 kB
VmHWM:	   33940 kB
VmRSS:	   31060 kB
RssAnon:	    5884 kB
RssFile:	   24812 kB
RssShmem:	     364 kB
VmData:	   70624 kB
VmStk:	     132 kB
VmExe:	     116 kB
VmLib:	   25728 kB
VmPTE:	     112 kB
VmSwap:	       0 kB
HugetlbPages:	       0 kB
CoreDumping:	0
Threads:	4
SigQ:	0/27847
SigPnd:	0000000000000000
ShdPnd:	0000000000000000
SigBlk:	0000000000000000
SigIgn:	0000000000001000
SigCgt:	0000000180010000
CapInh:	0000000000000000
CapPrm:	0000000000000000
CapEff:	0000000000000000
CapBnd:	0000003fffffffff
CapAmb:	0000000000000000
NoNewPrivs:	0
Seccomp:	0
Speculation_Store_Bypass:	vulnerable
Cpus_allowed:	1
Cpus_allowed_list:	0
Mems_allowed:	1
Mems_allowed_list:	0
voluntary_ctxt_switches:	12887
nonvoluntary_ctxt_switches:	2103

TIME: 22:24:18 17/09/20
MEMORY USAGE: 14.5%
CONTINUING THE LOG WHICH STARTED 1 MINUTES AGO
F S UID        PID  PPID  C PRI  NI ADDR SZ WCHAN    RSS PSR STIME TTY          TIME CMD
0 S pi        1084   907  0  80   0 - 44175 poll_s 49532   0 22:15 ?        00:00:02 lxterminal

F S UID        PID  PPID  C PRI  NI ADDR SZ WCHAN    RSS PSR STIME TTY          TIME CMD
4 S root       587   544  1  80   0 - 39311 -      46064   0 22:15 tty7     00:00:07 /usr/lib/xorg/Xorg :0 -seat seat0 -auth /var/run/lightdm/root/:0 -nolisten tcp vt7 -novtswitch

F S UID        PID  PPID  C PRI  NI ADDR SZ WCHAN    RSS PSR STIME TTY          TIME CMD
4 S pi        1319     1  0  80   0 - 18119 pipe_w 43376   0 22:22 ?        00:00:00 /usr/bin/python3 /home/pi/Desktop/project/ver2/sysmonitor/sysmonitor_example.py > /home/pi/Desktop/project/ver2/sysmonitor/sample.log 2>&1

F S UID        PID  PPID  C PRI  NI ADDR SZ WCHAN    RSS PSR STIME TTY          TIME CMD
0 S pi        1286   908  0  80   0 - 28685 poll_s 31480   0 22:19 ?        00:00:00 mousepad /home/pi/Desktop/project/ver2/sysmonitor/general_proc_info.log

F S UID        PID  PPID  C PRI  NI ADDR SZ WCHAN    RSS PSR STIME TTY          TIME CMD
0 S pi         907   839  0  80   0 - 38385 poll_s 31092   0 22:15 ?        00:00:01 lxpanel --profile LXDE-pi

Name:	lxterminal
Umask:	0022
State:	S (sleeping)
Tgid:	1084
Ngid:	0
Pid:	1084
PPid:	907
TracerPid:	0
Uid:	1000	1000	1000	1000
Gid:	1000	1000	1000	1000
FDSize:	32
Groups:	4 20 24 27 29 44 46 60 100 105 109 997 998 999 1000 
NStgid:	1084
NSpid:	1084
NSpgid:	839
NSsid:	839
VmPeak:	  176700 kB
VmSize:	  176700 kB
VmLck:	       0 kB
VmPin:	       0 kB
VmHWM:	   49532 kB
VmRSS:	   49532 kB
RssAnon:	   10244 kB
RssFile:	   39288 kB
RssShmem:	       0 kB
VmData:	   41624 kB
VmStk:	     132 kB
VmExe:	      56 kB
VmLib:	   81476 kB
VmPTE:	     148 kB
VmSwap:	       0 kB
HugetlbPages:	       0 kB
CoreDumping:	0
Threads:	3
SigQ:	0/27847
SigPnd:	0000000000000000
ShdPnd:	0000000000000000
SigBlk:	0000000000000000
SigIgn:	0000000000001000
SigCgt:	0000000180010000
CapInh:	0000000000000000
CapPrm:	0000000000000000
CapEff:	0000000000000000
CapBnd:	0000003fffffffff
CapAmb:	0000000000000000
NoNewPrivs:	0
Seccomp:	0
Speculation_Store_Bypass:	vulnerable
Cpus_allowed:	1
Cpus_allowed_list:	0
Mems_allowed:	1
Mems_allowed_list:	0
voluntary_ctxt_switches:	8125
nonvoluntary_ctxt_switches:	3263

Name:	Xorg
Umask:	0022
State:	S (sleeping)
Tgid:	587
Ngid:	0
Pid:	587
PPid:	544
TracerPid:	0
Uid:	0	0	0	0
Gid:	0	0	0	0
FDSize:	256
Groups:	 
NStgid:	587
NSpid:	587
NSpgid:	587
NSsid:	587
VmPeak:	  167088 kB
VmSize:	  157244 kB
VmLck:	       0 kB
VmPin:	       0 kB
VmHWM:	   50860 kB
VmRSS:	   46064 kB
RssAnon:	   16264 kB
RssFile:	   28440 kB
RssShmem:	    1360 kB
VmData:	   24328 kB
VmStk:	     132 kB
VmExe:	    1776 kB
VmLib:	   73876 kB
VmPTE:	     148 kB
VmSwap:	       0 kB
HugetlbPages:	       0 kB
CoreDumping:	0
Threads:	2
SigQ:	0/27847
SigPnd:	0000000000000000
ShdPnd:	0000000000000000
SigBlk:	0000000000000000
SigIgn:	0000000000001000
SigCgt:	00000001c18066ef
CapInh:	0000000000000000
CapPrm:	0000003fffffffff
CapEff:	0000003fffffffff
CapBnd:	0000003fffffffff
CapAmb:	0000000000000000
NoNewPrivs:	0
Seccomp:	0
Speculation_Store_Bypass:	vulnerable
Cpus_allowed:	1
Cpus_allowed_list:	0
Mems_allowed:	1
Mems_allowed_list:	0
voluntary_ctxt_switches:	28071
nonvoluntary_ctxt_switches:	31578

Name:	python3
Umask:	0022
State:	S (sleeping)
Tgid:	1319
Ngid:	0
Pid:	1319
PPid:	1
TracerPid:	0
Uid:	1000	1000	1000	1000
Gid:	1000	1000	1000	1000
FDSize:	256
Groups:	4 20 24 27 29 44 46 60 100 105 109 997 998 999 1000 
NStgid:	1319
NSpid:	1319
NSpgid:	1319
NSsid:	1319
VmPeak:	   72476 kB
VmSize:	   72476 kB
VmLck:	       0 kB
VmPin:	       0 kB
VmHWM:	   43376 kB
VmRSS:	   43376 kB
RssAnon:	   21968 kB
RssFile:	   21408 kB
RssShmem:	       0 kB
VmData:	   22492 kB
VmStk:	     132 kB
VmExe:	    2316 kB
VmLib:	   33628 kB
VmPTE:	      84 kB
VmSwap:	       0 kB
HugetlbPages:	       0 kB
CoreDumping:	0
Threads:	1
SigQ:	0/27847
SigPnd:	0000000000000000
ShdPnd:	0000000000000000
SigBlk:	0000000000000000
SigIgn:	0000000001001000
SigCgt:	0000000180000002
CapInh:	0000000000000000
CapPrm:	0000000000000000
CapEff:	0000000000000000
CapBnd:	0000003fffffffff
CapAmb:	0000000000000000
NoNewPrivs:	0
Seccomp:	0
Speculation_Store_Bypass:	vulnerable
Cpus_allowed:	1
Cpus_allowed_list:	0
Mems_allowed:	1
Mems_allowed_list:	0
voluntary_ctxt_switches:	125
nonvoluntary_ctxt_switches:	206

Name:	mousepad
Umask:	0022
State:	S (sleeping)
Tgid:	1286
Ngid:	0
Pid:	1286
PPid:	908
TracerPid:	0
Uid:	1000	1000	1000	1000
Gid:	1000	1000	1000	1000
FDSize:	32
Groups:	4 20 24 27 29 44 46 60 100 105 109 997 998 999 1000 
NStgid:	1286
NSpid:	1286
NSpgid:	839
NSsid:	839
VmPeak:	  114740 kB
VmSize:	  114740 kB
VmLck:	       0 kB
VmPin:	       0 kB
VmHWM:	   31484 kB
VmRSS:	   31480 kB
RssAnon:	    6308 kB
RssFile:	   25168 kB
RssShmem:	       4 kB
VmData:	   38836 kB
VmStk:	     132 kB
VmExe:	     164 kB
VmLib:	   21588 kB
VmPTE:	      84 kB
VmSwap:	       0 kB
HugetlbPages:	       0 kB
CoreDumping:	0
Threads:	4
SigQ:	0/27847
SigPnd:	0000000000000000
ShdPnd:	0000000000000000
SigBlk:	0000000000000000
SigIgn:	0000000000001000
SigCgt:	0000000180000000
CapInh:	0000000000000000
CapPrm:	0000000000000000
CapEff:	0000000000000000
CapBnd:	0000003fffffffff
CapAmb:	0000000000000000
NoNewPrivs:	0
Seccomp:	0
Speculation_Store_Bypass:	vulnerable
Cpus_allowed:	1
Cpus_allowed_list:	0
Mems_allowed:	1
Mems_allowed_list:	0
voluntary_ctxt_switches:	875
nonvoluntary_ctxt_switches:	742

Name:	lxpanel
Umask:	0022
State:	S (sleeping)
Tgid:	907
Ngid:	0
Pid:	907
PPid:	839
TracerPid:	0
Uid:	1000	1000	1000	1000
Gid:	1000	1000	1000	1000
FDSize:	32
Groups:	4 20 24 27 29 44 46 60 100 105 109 997 998 999 1000 
NStgid:	907
NSpid:	907
NSpgid:	839
NSsid:	839
VmPeak:	  162740 kB
VmSize:	  153540 kB
VmLck:	       0 kB
VmPin:	       0 kB
VmHWM:	   33940 kB
VmRSS:	   31092 kB
RssAnon:	    5916 kB
RssFile:	   24812 kB
RssShmem:	     364 kB
VmData:	   70624 kB
VmStk:	     132 kB
VmExe:	     116 kB
VmLib:	   25728 kB
VmPTE:	     112 kB
VmSwap:	       0 kB
HugetlbPages:	       0 kB
CoreDumping:	0
Threads:	4
SigQ:	0/27847
SigPnd:	0000000000000000
ShdPnd:	0000000000000000
SigBlk:	0000000000000000
SigIgn:	0000000000001000
SigCgt:	0000000180010000
CapInh:	0000000000000000
CapPrm:	0000000000000000
CapEff:	0000000000000000
CapBnd:	0000003fffffffff
CapAmb:	0000000000000000
NoNewPrivs:	0
Seccomp:	0
Speculation_Store_Bypass:	vulnerable
Cpus_allowed:	1
Cpus_allowed_list:	0
Mems_allowed:	1
Mems_allowed_list:	0
voluntary_ctxt_switches:	14182
nonvoluntary_ctxt_switches:	2115

TIME: 22:25:18 17/09/20
MEMORY USAGE: 14.2%
CONTINUING THE LOG WHICH STARTED 2 MINUTES AGO
F S UID        PID  PPID  C PRI  NI ADDR SZ WCHAN    RSS PSR STIME TTY          TIME CMD
0 S pi        1084   907  0  80   0 - 44175 poll_s 49532   0 22:15 ?        00:00:02 lxterminal

F S UID        PID  PPID  C PRI  NI ADDR SZ WCHAN    RSS PSR STIME TTY          TIME CMD
4 S root       587   544  1  80   0 - 39066 -      46116   0 22:15 tty7     00:00:10 /usr/lib/xorg/Xorg :0 -seat seat0 -auth /var/run/lightdm/root/:0 -nolisten tcp vt7 -novtswitch

F S UID        PID  PPID  C PRI  NI ADDR SZ WCHAN    RSS PSR STIME TTY          TIME CMD
4 S pi        1319     1  0  80   0 - 18119 pipe_w 43380   0 22:22 ?        00:00:00 /usr/bin/python3 /home/pi/Desktop/project/ver2/sysmonitor/sysmonitor_example.py > /home/pi/Desktop/project/ver2/sysmonitor/sample.log 2>&1

F S UID        PID  PPID  C PRI  NI ADDR SZ WCHAN    RSS PSR STIME TTY          TIME CMD
0 S pi         907   839  0  80   0 - 38419 poll_s 31180   0 22:15 ?        00:00:01 lxpanel --profile LXDE-pi

F S UID        PID  PPID  C PRI  NI ADDR SZ WCHAN    RSS PSR STIME TTY          TIME CMD
0 S pi        1448   908 20  80   0 - 28626 poll_s 30928   0 22:25 ?        00:00:00 mousepad /home/pi/Desktop/project/ver2/sysmonitor/general_proc_info.log

Name:	lxterminal
Umask:	0022
State:	S (sleeping)
Tgid:	1084
Ngid:	0
Pid:	1084
PPid:	907
TracerPid:	0
Uid:	1000	1000	1000	1000
Gid:	1000	1000	1000	1000
FDSize:	32
Groups:	4 20 24 27 29 44 46 60 100 105 109 997 998 999 1000 
NStgid:	1084
NSpid:	1084
NSpgid:	839
NSsid:	839
VmPeak:	  176700 kB
VmSize:	  176700 kB
VmLck:	       0 kB
VmPin:	       0 kB
VmHWM:	   49532 kB
VmRSS:	   49532 kB
RssAnon:	   10244 kB
RssFile:	   39288 kB
RssShmem:	       0 kB
VmData:	   41624 kB
VmStk:	     132 kB
VmExe:	      56 kB
VmLib:	   81476 kB
VmPTE:	     148 kB
VmSwap:	       0 kB
HugetlbPages:	       0 kB
CoreDumping:	0
Threads:	3
SigQ:	0/27847
SigPnd:	0000000000000000
ShdPnd:	0000000000000000
SigBlk:	0000000000000000
SigIgn:	0000000000001000
SigCgt:	0000000180010000
CapInh:	0000000000000000
CapPrm:	0000000000000000
CapEff:	0000000000000000
CapBnd:	0000003fffffffff
CapAmb:	0000000000000000
NoNewPrivs:	0
Seccomp:	0
Speculation_Store_Bypass:	vulnerable
Cpus_allowed:	1
Cpus_allowed_list:	0
Mems_allowed:	1
Mems_allowed_list:	0
voluntary_ctxt_switches:	8190
nonvoluntary_ctxt_switches:	3263

Name:	Xorg
Umask:	0022
State:	S (sleeping)
Tgid:	587
Ngid:	0
Pid:	587
PPid:	544
TracerPid:	0
Uid:	0	0	0	0
Gid:	0	0	0	0
FDSize:	256
Groups:	 
NStgid:	587
NSpid:	587
NSpgid:	587
NSsid:	587
VmPeak:	  167088 kB
VmSize:	  156264 kB
VmLck:	       0 kB
VmPin:	       0 kB
VmHWM:	   50860 kB
VmRSS:	   46116 kB
RssAnon:	   16328 kB
RssFile:	   28440 kB
RssShmem:	    1348 kB
VmData:	   24372 kB
VmStk:	     132 kB
VmExe:	    1776 kB
VmLib:	   73876 kB
VmPTE:	     144 kB
VmSwap:	       0 kB
HugetlbPages:	       0 kB
CoreDumping:	0
Threads:	2
SigQ:	0/27847
SigPnd:	0000000000000000
ShdPnd:	0000000000000000
SigBlk:	0000000000000000
SigIgn:	0000000000001000
SigCgt:	00000001c18066ef
CapInh:	0000000000000000
CapPrm:	0000003fffffffff
CapEff:	0000003fffffffff
CapBnd:	0000003fffffffff
CapAmb:	0000000000000000
NoNewPrivs:	0
Seccomp:	0
Speculation_Store_Bypass:	vulnerable
Cpus_allowed:	1
Cpus_allowed_list:	0
Mems_allowed:	1
Mems_allowed_list:	0
voluntary_ctxt_switches:	32531
nonvoluntary_ctxt_switches:	39298

Name:	python3
Umask:	0022
State:	S (sleeping)
Tgid:	1319
Ngid:	0
Pid:	1319
PPid:	1
TracerPid:	0
Uid:	1000	1000	1000	1000
Gid:	1000	1000	1000	1000
FDSize:	256
Groups:	4 20 24 27 29 44 46 60 100 105 109 997 998 999 1000 
NStgid:	1319
NSpid:	1319
NSpgid:	1319
NSsid:	1319
VmPeak:	   72476 kB
VmSize:	   72476 kB
VmLck:	       0 kB
VmPin:	       0 kB
VmHWM:	   43380 kB
VmRSS:	   43380 kB
RssAnon:	   21972 kB
RssFile:	   21408 kB
RssShmem:	       0 kB
VmData:	   22492 kB
VmStk:	     132 kB
VmExe:	    2316 kB
VmLib:	   33628 kB
VmPTE:	      84 kB
VmSwap:	       0 kB
HugetlbPages:	       0 kB
CoreDumping:	0
Threads:	1
SigQ:	0/27847
SigPnd:	0000000000000000
ShdPnd:	0000000000000000
SigBlk:	0000000000000000
SigIgn:	0000000001001000
SigCgt:	0000000180000002
CapInh:	0000000000000000
CapPrm:	0000000000000000
CapEff:	0000000000000000
CapBnd:	0000003fffffffff
CapAmb:	0000000000000000
NoNewPrivs:	0
Seccomp:	0
Speculation_Store_Bypass:	vulnerable
Cpus_allowed:	1
Cpus_allowed_list:	0
Mems_allowed:	1
Mems_allowed_list:	0
voluntary_ctxt_switches:	175
nonvoluntary_ctxt_switches:	226

Name:	lxpanel
Umask:	0022
State:	S (sleeping)
Tgid:	907
Ngid:	0
Pid:	907
PPid:	839
TracerPid:	0
Uid:	1000	1000	1000	1000
Gid:	1000	1000	1000	1000
FDSize:	32
Groups:	4 20 24 27 29 44 46 60 100 105 109 997 998 999 1000 
NStgid:	907
NSpid:	907
NSpgid:	839
NSsid:	839
VmPeak:	  162740 kB
VmSize:	  153676 kB
VmLck:	       0 kB
VmPin:	       0 kB
VmHWM:	   33940 kB
VmRSS:	   31180 kB
RssAnon:	    6004 kB
RssFile:	   24812 kB
RssShmem:	     364 kB
VmData:	   70760 kB
VmStk:	     132 kB
VmExe:	     116 kB
VmLib:	   25728 kB
VmPTE:	     112 kB
VmSwap:	       0 kB
HugetlbPages:	       0 kB
CoreDumping:	0
Threads:	4
SigQ:	0/27847
SigPnd:	0000000000000000
ShdPnd:	0000000000000000
SigBlk:	0000000000000000
SigIgn:	0000000000001000
SigCgt:	0000000180010000
CapInh:	0000000000000000
CapPrm:	0000000000000000
CapEff:	0000000000000000
CapBnd:	0000003fffffffff
CapAmb:	0000000000000000
NoNewPrivs:	0
Seccomp:	0
Speculation_Store_Bypass:	vulnerable
Cpus_allowed:	1
Cpus_allowed_list:	0
Mems_allowed:	1
Mems_allowed_list:	0
voluntary_ctxt_switches:	16717
nonvoluntary_ctxt_switches:	2214

Name:	mousepad
Umask:	0022
State:	S (sleeping)
Tgid:	1448
Ngid:	0
Pid:	1448
PPid:	908
TracerPid:	0
Uid:	1000	1000	1000	1000
Gid:	1000	1000	1000	1000
FDSize:	32
Groups:	4 20 24 27 29 44 46 60 100 105 109 997 998 999 1000 
NStgid:	1448
NSpid:	1448
NSpgid:	839
NSsid:	839
VmPeak:	  114504 kB
VmSize:	  114504 kB
VmLck:	       0 kB
VmPin:	       0 kB
VmHWM:	   30928 kB
VmRSS:	   30928 kB
RssAnon:	    6132 kB
RssFile:	   24792 kB
RssShmem:	       4 kB
VmData:	   38688 kB
VmStk:	     132 kB
VmExe:	     164 kB
VmLib:	   21588 kB
VmPTE:	      84 kB
VmSwap:	       0 kB
HugetlbPages:	       0 kB
CoreDumping:	0
Threads:	5
SigQ:	0/27847
SigPnd:	0000000000000000
ShdPnd:	0000000000000000
SigBlk:	0000000000000000
SigIgn:	0000000000001000
SigCgt:	0000000180000000
CapInh:	0000000000000000
CapPrm:	0000000000000000
CapEff:	0000000000000000
CapBnd:	0000003fffffffff
CapAmb:	0000000000000000
NoNewPrivs:	0
Seccomp:	0
Speculation_Store_Bypass:	vulnerable
Cpus_allowed:	1
Cpus_allowed_list:	0
Mems_allowed:	1
Mems_allowed_list:	0
voluntary_ctxt_switches:	167
nonvoluntary_ctxt_switches:	310

TIME: 22:26:19 17/09/20
MEMORY USAGE: 14.0%
CONTINUING THE LOG WHICH STARTED 3 MINUTES AGO
F S UID        PID  PPID  C PRI  NI ADDR SZ WCHAN    RSS PSR STIME TTY          TIME CMD
0 S pi        1084   907  0  80   0 - 44175 poll_s 49532   0 22:15 ?        00:00:02 lxterminal

F S UID        PID  PPID  C PRI  NI ADDR SZ WCHAN    RSS PSR STIME TTY          TIME CMD
4 S root       587   544  1  80   0 - 38506 -      44380   0 22:15 tty7     00:00:12 /usr/lib/xorg/Xorg :0 -seat seat0 -auth /var/run/lightdm/root/:0 -nolisten tcp vt7 -novtswitch

F S UID        PID  PPID  C PRI  NI ADDR SZ WCHAN    RSS PSR STIME TTY          TIME CMD
4 S pi        1319     1  0  80   0 - 18119 pipe_w 43380   0 22:22 ?        00:00:00 /usr/bin/python3 /home/pi/Desktop/project/ver2/sysmonitor/sysmonitor_example.py > /home/pi/Desktop/project/ver2/sysmonitor/sample.log 2>&1

F S UID        PID  PPID  C PRI  NI ADDR SZ WCHAN    RSS PSR STIME TTY          TIME CMD
0 S pi         907   839  0  80   0 - 38419 poll_s 31192   0 22:15 ?        00:00:01 lxpanel --profile LXDE-pi

F S UID        PID  PPID  C PRI  NI ADDR SZ WCHAN    RSS PSR STIME TTY          TIME CMD
0 S pi         908   839  0  80   0 - 22930 poll_s 26668   0 22:15 ?        00:00:03 pcmanfm --desktop --profile LXDE-pi

Name:	lxterminal
Umask:	0022
State:	S (sleeping)
Tgid:	1084
Ngid:	0
Pid:	1084
PPid:	907
TracerPid:	0
Uid:	1000	1000	1000	1000
Gid:	1000	1000	1000	1000
FDSize:	32
Groups:	4 20 24 27 29 44 46 60 100 105 109 997 998 999 1000 
NStgid:	1084
NSpid:	1084
NSpgid:	839
NSsid:	839
VmPeak:	  176700 kB
VmSize:	  176700 kB
VmLck:	       0 kB
VmPin:	       0 kB
VmHWM:	   49532 kB
VmRSS:	   49532 kB
RssAnon:	   10244 kB
RssFile:	   39288 kB
RssShmem:	       0 kB
VmData:	   41624 kB
VmStk:	     132 kB
VmExe:	      56 kB
VmLib:	   81476 kB
VmPTE:	     148 kB
VmSwap:	       0 kB
HugetlbPages:	       0 kB
CoreDumping:	0
Threads:	3
SigQ:	0/27847
SigPnd:	0000000000000000
ShdPnd:	0000000000000000
SigBlk:	0000000000000000
SigIgn:	0000000000001000
SigCgt:	0000000180010000
CapInh:	0000000000000000
CapPrm:	0000000000000000
CapEff:	0000000000000000
CapBnd:	0000003fffffffff
CapAmb:	0000000000000000
NoNewPrivs:	0
Seccomp:	0
Speculation_Store_Bypass:	vulnerable
Cpus_allowed:	1
Cpus_allowed_list:	0
Mems_allowed:	1
Mems_allowed_list:	0
voluntary_ctxt_switches:	8231
nonvoluntary_ctxt_switches:	3263

Name:	Xorg
Umask:	0022
State:	S (sleeping)
Tgid:	587
Ngid:	0
Pid:	587
PPid:	544
TracerPid:	0
Uid:	0	0	0	0
Gid:	0	0	0	0
FDSize:	256
Groups:	 
NStgid:	587
NSpid:	587
NSpgid:	587
NSsid:	587
VmPeak:	  167088 kB
VmSize:	  154024 kB
VmLck:	       0 kB
VmPin:	       0 kB
VmHWM:	   50860 kB
VmRSS:	   44380 kB
RssAnon:	   14600 kB
RssFile:	   28440 kB
RssShmem:	    1340 kB
VmData:	   22644 kB
VmStk:	     132 kB
VmExe:	    1776 kB
VmLib:	   73876 kB
VmPTE:	     140 kB
VmSwap:	       0 kB
HugetlbPages:	       0 kB
CoreDumping:	0
Threads:	2
SigQ:	0/27847
SigPnd:	0000000000000000
ShdPnd:	0000000000000000
SigBlk:	0000000000000000
SigIgn:	0000000000001000
SigCgt:	00000001c18066ef
CapInh:	0000000000000000
CapPrm:	0000003fffffffff
CapEff:	0000003fffffffff
CapBnd:	0000003fffffffff
CapAmb:	0000000000000000
NoNewPrivs:	0
Seccomp:	0
Speculation_Store_Bypass:	vulnerable
Cpus_allowed:	1
Cpus_allowed_list:	0
Mems_allowed:	1
Mems_allowed_list:	0
voluntary_ctxt_switches:	35492
nonvoluntary_ctxt_switches:	44138

Name:	python3
Umask:	0022
State:	S (sleeping)
Tgid:	1319
Ngid:	0
Pid:	1319
PPid:	1
TracerPid:	0
Uid:	1000	1000	1000	1000
Gid:	1000	1000	1000	1000
FDSize:	256
Groups:	4 20 24 27 29 44 46 60 100 105 109 997 998 999 1000 
NStgid:	1319
NSpid:	1319
NSpgid:	1319
NSsid:	1319
VmPeak:	   72476 kB
VmSize:	   72476 kB
VmLck:	       0 kB
VmPin:	       0 kB
VmHWM:	   43380 kB
VmRSS:	   43380 kB
RssAnon:	   21972 kB
RssFile:	   21408 kB
RssShmem:	       0 kB
VmData:	   22492 kB
VmStk:	     132 kB
VmExe:	    2316 kB
VmLib:	   33628 kB
VmPTE:	      84 kB
VmSwap:	       0 kB
HugetlbPages:	       0 kB
CoreDumping:	0
Threads:	1
SigQ:	0/27847
SigPnd:	0000000000000000
ShdPnd:	0000000000000000
SigBlk:	0000000000000000
SigIgn:	0000000001001000
SigCgt:	0000000180000002
CapInh:	0000000000000000
CapPrm:	0000000000000000
CapEff:	0000000000000000
CapBnd:	0000003fffffffff
CapAmb:	0000000000000000
NoNewPrivs:	0
Seccomp:	0
Speculation_Store_Bypass:	vulnerable
Cpus_allowed:	1
Cpus_allowed_list:	0
Mems_allowed:	1
Mems_allowed_list:	0
voluntary_ctxt_switches:	225
nonvoluntary_ctxt_switches:	239

Name:	lxpanel
Umask:	0022
State:	S (sleeping)
Tgid:	907
Ngid:	0
Pid:	907
PPid:	839
TracerPid:	0
Uid:	1000	1000	1000	1000
Gid:	1000	1000	1000	1000
FDSize:	32
Groups:	4 20 24 27 29 44 46 60 100 105 109 997 998 999 1000 
NStgid:	907
NSpid:	907
NSpgid:	839
NSsid:	839
VmPeak:	  162740 kB
VmSize:	  153676 kB
VmLck:	       0 kB
VmPin:	       0 kB
VmHWM:	   33940 kB
VmRSS:	   31192 kB
RssAnon:	    6016 kB
RssFile:	   24812 kB
RssShmem:	     364 kB
VmData:	   70760 kB
VmStk:	     132 kB
VmExe:	     116 kB
VmLib:	   25728 kB
VmPTE:	     112 kB
VmSwap:	       0 kB
HugetlbPages:	       0 kB
CoreDumping:	0
Threads:	4
SigQ:	0/27847
SigPnd:	0000000000000000
ShdPnd:	0000000000000000
SigBlk:	0000000000000000
SigIgn:	0000000000001000
SigCgt:	0000000180010000
CapInh:	0000000000000000
CapPrm:	0000000000000000
CapEff:	0000000000000000
CapBnd:	0000003fffffffff
CapAmb:	0000000000000000
NoNewPrivs:	0
Seccomp:	0
Speculation_Store_Bypass:	vulnerable
Cpus_allowed:	1
Cpus_allowed_list:	0
Mems_allowed:	1
Mems_allowed_list:	0
voluntary_ctxt_switches:	17632
nonvoluntary_ctxt_switches:	2224

Name:	pcmanfm
Umask:	0022
State:	S (sleeping)
Tgid:	908
Ngid:	0
Pid:	908
PPid:	839
TracerPid:	0
Uid:	1000	1000	1000	1000
Gid:	1000	1000	1000	1000
FDSize:	32
Groups:	4 20 24 27 29 44 46 60 100 105 109 997 998 999 1000 
NStgid:	908
NSpid:	908
NSpgid:	839
NSsid:	839
VmPeak:	   99916 kB
VmSize:	   91720 kB
VmLck:	       0 kB
VmPin:	       0 kB
VmHWM:	   33208 kB
VmRSS:	   26668 kB
RssAnon:	    5456 kB
RssFile:	   20232 kB
RssShmem:	     980 kB
VmData:	   54208 kB
VmStk:	     132 kB
VmExe:	     188 kB
VmLib:	   15884 kB
VmPTE:	      80 kB
VmSwap:	       0 kB
HugetlbPages:	       0 kB
CoreDumping:	0
Threads:	5
SigQ:	0/27847
SigPnd:	0000000000000000
ShdPnd:	0000000000000000
SigBlk:	0000000000000000
SigIgn:	0000000000001000
SigCgt:	0000000180004003
CapInh:	0000000000000000
CapPrm:	0000000000000000
CapEff:	0000000000000000
CapBnd:	0000003fffffffff
CapAmb:	0000000000000000
NoNewPrivs:	0
Seccomp:	0
Speculation_Store_Bypass:	vulnerable
Cpus_allowed:	1
Cpus_allowed_list:	0
Mems_allowed:	1
Mems_allowed_list:	0
voluntary_ctxt_switches:	8022
nonvoluntary_ctxt_switches:	7207

TIME: 22:27:19 17/09/20
MEMORY USAGE: 14.1%
CONTINUING THE LOG WHICH STARTED 4 MINUTES AGO
F S UID        PID  PPID  C PRI  NI ADDR SZ WCHAN    RSS PSR STIME TTY          TIME CMD
0 S pi        1084   907  0  80   0 - 44175 poll_s 49532   0 22:15 ?        00:00:02 lxterminal

F S UID        PID  PPID  C PRI  NI ADDR SZ WCHAN    RSS PSR STIME TTY          TIME CMD
4 S root       587   544  1  80   0 - 38634 -      44384   0 22:15 tty7     00:00:12 /usr/lib/xorg/Xorg :0 -seat seat0 -auth /var/run/lightdm/root/:0 -nolisten tcp vt7 -novtswitch

F S UID        PID  PPID  C PRI  NI ADDR SZ WCHAN    RSS PSR STIME TTY          TIME CMD
4 S pi        1319     1  0  80   0 - 18119 pipe_w 43384   0 22:22 ?        00:00:00 /usr/bin/python3 /home/pi/Desktop/project/ver2/sysmonitor/sysmonitor_example.py > /home/pi/Desktop/project/ver2/sysmonitor/sample.log 2>&1

F S UID        PID  PPID  C PRI  NI ADDR SZ WCHAN    RSS PSR STIME TTY          TIME CMD
0 S pi        1509   908  1  80   0 - 28627 poll_s 31236   0 22:26 ?        00:00:00 mousepad /home/pi/Desktop/project/ver2/sysmonitor/general_proc_info.log

F S UID        PID  PPID  C PRI  NI ADDR SZ WCHAN    RSS PSR STIME TTY          TIME CMD
0 S pi         907   839  0  80   0 - 38419 poll_s 31192   0 22:15 ?        00:00:01 lxpanel --profile LXDE-pi

Name:	lxterminal
Umask:	0022
State:	S (sleeping)
Tgid:	1084
Ngid:	0
Pid:	1084
PPid:	907
TracerPid:	0
Uid:	1000	1000	1000	1000
Gid:	1000	1000	1000	1000
FDSize:	32
Groups:	4 20 24 27 29 44 46 60 100 105 109 997 998 999 1000 
NStgid:	1084
NSpid:	1084
NSpgid:	839
NSsid:	839
VmPeak:	  176700 kB
VmSize:	  176700 kB
VmLck:	       0 kB
VmPin:	       0 kB
VmHWM:	   49532 kB
VmRSS:	   49532 kB
RssAnon:	   10244 kB
RssFile:	   39288 kB
RssShmem:	       0 kB
VmData:	   41624 kB
VmStk:	     132 kB
VmExe:	      56 kB
VmLib:	   81476 kB
VmPTE:	     148 kB
VmSwap:	       0 kB
HugetlbPages:	       0 kB
CoreDumping:	0
Threads:	3
SigQ:	0/27847
SigPnd:	0000000000000000
ShdPnd:	0000000000000000
SigBlk:	0000000000000000
SigIgn:	0000000000001000
SigCgt:	0000000180010000
CapInh:	0000000000000000
CapPrm:	0000000000000000
CapEff:	0000000000000000
CapBnd:	0000003fffffffff
CapAmb:	0000000000000000
NoNewPrivs:	0
Seccomp:	0
Speculation_Store_Bypass:	vulnerable
Cpus_allowed:	1
Cpus_allowed_list:	0
Mems_allowed:	1
Mems_allowed_list:	0
voluntary_ctxt_switches:	8241
nonvoluntary_ctxt_switches:	3263

Name:	Xorg
Umask:	0022
State:	S (sleeping)
Tgid:	587
Ngid:	0
Pid:	587
PPid:	544
TracerPid:	0
Uid:	0	0	0	0
Gid:	0	0	0	0
FDSize:	256
Groups:	 
NStgid:	587
NSpid:	587
NSpgid:	587
NSsid:	587
VmPeak:	  167088 kB
VmSize:	  154536 kB
VmLck:	       0 kB
VmPin:	       0 kB
VmHWM:	   50860 kB
VmRSS:	   44384 kB
RssAnon:	   14600 kB
RssFile:	   28440 kB
RssShmem:	    1344 kB
VmData:	   22644 kB
VmStk:	     132 kB
VmExe:	    1776 kB
VmLib:	   73876 kB
VmPTE:	     144 kB
VmSwap:	       0 kB
HugetlbPages:	       0 kB
CoreDumping:	0
Threads:	2
SigQ:	0/27847
SigPnd:	0000000000000000
ShdPnd:	0000000000000000
SigBlk:	0000000000000000
SigIgn:	0000000000001000
SigCgt:	00000001c18066ef
CapInh:	0000000000000000
CapPrm:	0000003fffffffff
CapEff:	0000003fffffffff
CapBnd:	0000003fffffffff
CapAmb:	0000000000000000
NoNewPrivs:	0
Seccomp:	0
Speculation_Store_Bypass:	vulnerable
Cpus_allowed:	1
Cpus_allowed_list:	0
Mems_allowed:	1
Mems_allowed_list:	0
voluntary_ctxt_switches:	36595
nonvoluntary_ctxt_switches:	45108

Name:	python3
Umask:	0022
State:	S (sleeping)
Tgid:	1319
Ngid:	0
Pid:	1319
PPid:	1
TracerPid:	0
Uid:	1000	1000	1000	1000
Gid:	1000	1000	1000	1000
FDSize:	256
Groups:	4 20 24 27 29 44 46 60 100 105 109 997 998 999 1000 
NStgid:	1319
NSpid:	1319
NSpgid:	1319
NSsid:	1319
VmPeak:	   72732 kB
VmSize:	   72476 kB
VmLck:	       0 kB
VmPin:	       0 kB
VmHWM:	   43384 kB
VmRSS:	   43384 kB
RssAnon:	   21976 kB
RssFile:	   21408 kB
RssShmem:	       0 kB
VmData:	   22492 kB
VmStk:	     132 kB
VmExe:	    2316 kB
VmLib:	   33628 kB
VmPTE:	      84 kB
VmSwap:	       0 kB
HugetlbPages:	       0 kB
CoreDumping:	0
Threads:	1
SigQ:	0/27847
SigPnd:	0000000000000000
ShdPnd:	0000000000000000
SigBlk:	0000000000000000
SigIgn:	0000000001001000
SigCgt:	0000000180000002
CapInh:	0000000000000000
CapPrm:	0000000000000000
CapEff:	0000000000000000
CapBnd:	0000003fffffffff
CapAmb:	0000000000000000
NoNewPrivs:	0
Seccomp:	0
Speculation_Store_Bypass:	vulnerable
Cpus_allowed:	1
Cpus_allowed_list:	0
Mems_allowed:	1
Mems_allowed_list:	0
voluntary_ctxt_switches:	275
nonvoluntary_ctxt_switches:	251

Name:	mousepad
Umask:	0022
State:	S (sleeping)
Tgid:	1509
Ngid:	0
Pid:	1509
PPid:	908
TracerPid:	0
Uid:	1000	1000	1000	1000
Gid:	1000	1000	1000	1000
FDSize:	32
Groups:	4 20 24 27 29 44 46 60 100 105 109 997 998 999 1000 
NStgid:	1509
NSpid:	1509
NSpgid:	839
NSsid:	839
VmPeak:	  114508 kB
VmSize:	  114508 kB
VmLck:	       0 kB
VmPin:	       0 kB
VmHWM:	   31236 kB
VmRSS:	   31236 kB
RssAnon:	    6356 kB
RssFile:	   24876 kB
RssShmem:	       4 kB
VmData:	   38692 kB
VmStk:	     132 kB
VmExe:	     164 kB
VmLib:	   21588 kB
VmPTE:	      84 kB
VmSwap:	       0 kB
HugetlbPages:	       0 kB
CoreDumping:	0
Threads:	4
SigQ:	0/27847
SigPnd:	0000000000000000
ShdPnd:	0000000000000000
SigBlk:	0000000000000000
SigIgn:	0000000000001000
SigCgt:	0000000180000000
CapInh:	0000000000000000
CapPrm:	0000000000000000
CapEff:	0000000000000000
CapBnd:	0000003fffffffff
CapAmb:	0000000000000000
NoNewPrivs:	0
Seccomp:	0
Speculation_Store_Bypass:	vulnerable
Cpus_allowed:	1
Cpus_allowed_list:	0
Mems_allowed:	1
Mems_allowed_list:	0
voluntary_ctxt_switches:	890
nonvoluntary_ctxt_switches:	474

Name:	lxpanel
Umask:	0022
State:	S (sleeping)
Tgid:	907
Ngid:	0
Pid:	907
PPid:	839
TracerPid:	0
Uid:	1000	1000	1000	1000
Gid:	1000	1000	1000	1000
FDSize:	32
Groups:	4 20 24 27 29 44 46 60 100 105 109 997 998 999 1000 
NStgid:	907
NSpid:	907
NSpgid:	839
NSsid:	839
VmPeak:	  162740 kB
VmSize:	  153676 kB
VmLck:	       0 kB
VmPin:	       0 kB
VmHWM:	   33940 kB
VmRSS:	   31192 kB
RssAnon:	    6016 kB
RssFile:	   24812 kB
RssShmem:	     364 kB
VmData:	   70760 kB
VmStk:	     132 kB
VmExe:	     116 kB
VmLib:	   25728 kB
VmPTE:	     112 kB
VmSwap:	       0 kB
HugetlbPages:	       0 kB
CoreDumping:	0
Threads:	4
SigQ:	0/27847
SigPnd:	0000000000000000
ShdPnd:	0000000000000000
SigBlk:	0000000000000000
SigIgn:	0000000000001000
SigCgt:	0000000180010000
CapInh:	0000000000000000
CapPrm:	0000000000000000
CapEff:	0000000000000000
CapBnd:	0000003fffffffff
CapAmb:	0000000000000000
NoNewPrivs:	0
Seccomp:	0
Speculation_Store_Bypass:	vulnerable
Cpus_allowed:	1
Cpus_allowed_list:	0
Mems_allowed:	1
Mems_allowed_list:	0
voluntary_ctxt_switches:	17943
nonvoluntary_ctxt_switches:	2238

TIME: 22:28:19 17/09/20
MEMORY USAGE: 15.0%
CONTINUING THE LOG WHICH STARTED 5 MINUTES AGO
F S UID        PID  PPID  C PRI  NI ADDR SZ WCHAN    RSS PSR STIME TTY          TIME CMD
0 S pi        1562  1547 20  80   0 - 81832 poll_s 95112   0 22:28 ?        00:00:00 /usr/lib/chromium/chromium --type=zygote --no-zygote-sandbox --ppapi-flash-path=/usr/lib/chromium/libpepflashplayer.so --ppapi-flash-version=32.0.0.433

F S UID        PID  PPID  C PRI  NI ADDR SZ WCHAN    RSS PSR STIME TTY          TIME CMD
4 S pi        1564  1563 20  80   0 - 81832 do_wai 94596   0 22:28 ?        00:00:00 /usr/lib/chromium/chromium --type=zygote --ppapi-flash-path=/usr/lib/chromium/libpepflashplayer.so --ppapi-flash-version=32.0.0.433

F S UID        PID  PPID  C PRI  NI ADDR SZ WCHAN    RSS PSR STIME TTY          TIME CMD
0 R pi        1547   907 28  80   0 - 100435 -     101404  0 22:28 ?        00:00:00 /usr/lib/chromium/chromium --enable-remote-extensions --ppapi-flash-path=/usr/lib/chromium/libpepflashplayer.so --ppapi-flash-args=enable_stagevideo_auto=0 --ppapi-flash-version=32.0.0.433

F S UID        PID  PPID  C PRI  NI ADDR SZ WCHAN    RSS PSR STIME TTY          TIME CMD
0 S pi        1084   907  0  80   0 - 44175 poll_s 49532   0 22:15 ?        00:00:02 lxterminal

F S UID        PID  PPID  C PRI  NI ADDR SZ WCHAN    RSS PSR STIME TTY          TIME CMD
4 S root       587   544  1  80   0 - 39066 -      46116   0 22:15 tty7     00:00:14 /usr/lib/xorg/Xorg :0 -seat seat0 -auth /var/run/lightdm/root/:0 -nolisten tcp vt7 -novtswitch

Name:	chromium
Umask:	0022
State:	S (sleeping)
Tgid:	1562
Ngid:	0
Pid:	1562
PPid:	1547
TracerPid:	0
Uid:	1000	1000	1000	1000
Gid:	1000	1000	1000	1000
FDSize:	256
Groups:	4 20 24 27 29 44 46 60 100 105 109 997 998 999 1000 
NStgid:	1562
NSpid:	1562
NSpgid:	839
NSsid:	839
VmPeak:	  327328 kB
VmSize:	  327328 kB
VmLck:	      16 kB
VmPin:	       0 kB
VmHWM:	   95112 kB
VmRSS:	   95112 kB
RssAnon:	    9772 kB
RssFile:	   85340 kB
RssShmem:	       0 kB
VmData:	   15232 kB
VmStk:	     132 kB
VmExe:	  151068 kB
VmLib:	   42616 kB
VmPTE:	     296 kB
VmSwap:	       0 kB
HugetlbPages:	       0 kB
CoreDumping:	0
Threads:	1
SigQ:	0/27847
SigPnd:	0000000000000000
ShdPnd:	0000000000000000
SigBlk:	0000000000000000
SigIgn:	0000000000001002
SigCgt:	00000001800104e8
CapInh:	0000000000000000
CapPrm:	0000000000000000
CapEff:	0000000000000000
CapBnd:	0000003fffffffff
CapAmb:	0000000000000000
NoNewPrivs:	1
Seccomp:	0
Speculation_Store_Bypass:	vulnerable
Cpus_allowed:	1
Cpus_allowed_list:	0
Mems_allowed:	1
Mems_allowed_list:	0
voluntary_ctxt_switches:	94
nonvoluntary_ctxt_switches:	68

Name:	chromium
Umask:	0022
State:	S (sleeping)
Tgid:	1564
Ngid:	0
Pid:	1564
PPid:	1563
TracerPid:	0
Uid:	1000	1000	1000	1000
Gid:	1000	1000	1000	1000
FDSize:	256
Groups:	4 20 24 27 29 44 46 60 100 105 109 997 998 999 1000 
NStgid:	1564	1
NSpid:	1564	1
NSpgid:	839	0
NSsid:	839	0
VmPeak:	  327328 kB
VmSize:	  327328 kB
VmLck:	      16 kB
VmPin:	       0 kB
VmHWM:	   94596 kB
VmRSS:	   94596 kB
RssAnon:	    9772 kB
RssFile:	   84824 kB
RssShmem:	       0 kB
VmData:	   15232 kB
VmStk:	     132 kB
VmExe:	  151068 kB
VmLib:	   42616 kB
VmPTE:	     292 kB
VmSwap:	       0 kB
HugetlbPages:	       0 kB
CoreDumping:	0
Threads:	1
SigQ:	0/27847
SigPnd:	0000000000000000
ShdPnd:	0000000000000000
SigBlk:	0000000000000000
SigIgn:	0000000000001002
SigCgt:	00000001800104e8
CapInh:	0000000000000000
CapPrm:	0000000000000000
CapEff:	0000000000000000
CapBnd:	0000003fffffffff
CapAmb:	0000000000000000
NoNewPrivs:	0
Seccomp:	0
Speculation_Store_Bypass:	vulnerable
Cpus_allowed:	1
Cpus_allowed_list:	0
Mems_allowed:	1
Mems_allowed_list:	0
voluntary_ctxt_switches:	90
nonvoluntary_ctxt_switches:	71

Name:	chromium
Umask:	0022
State:	R (running)
Tgid:	1547
Ngid:	0
Pid:	1547
PPid:	907
TracerPid:	0
Uid:	1000	1000	1000	1000
Gid:	1000	1000	1000	1000
FDSize:	256
Groups:	4 20 24 27 29 44 46 60 100 105 109 997 998 999 1000 
NStgid:	1547
NSpid:	1547
NSpgid:	839
NSsid:	839
VmPeak:	  402188 kB
VmSize:	  402188 kB
VmLck:	      16 kB
VmPin:	       0 kB
VmHWM:	  101968 kB
VmRSS:	  101968 kB
RssAnon:	   10896 kB
RssFile:	   91072 kB
RssShmem:	       0 kB
VmData:	   98120 kB
VmStk:	     132 kB
VmExe:	  151068 kB
VmLib:	   27900 kB
VmPTE:	     320 kB
VmSwap:	       0 kB
HugetlbPages:	       0 kB
CoreDumping:	0
Threads:	11
SigQ:	0/27847
SigPnd:	0000000000000000
ShdPnd:	0000000000000000
SigBlk:	0000000000000000
SigIgn:	0000000000001000
SigCgt:	00000001800104e8
CapInh:	0000000000000000
CapPrm:	0000000000000000
CapEff:	0000000000000000
CapBnd:	0000003fffffffff
CapAmb:	0000000000000000
NoNewPrivs:	0
Seccomp:	0
Speculation_Store_Bypass:	vulnerable
Cpus_allowed:	1
Cpus_allowed_list:	0
Mems_allowed:	1
Mems_allowed_list:	0
voluntary_ctxt_switches:	979
nonvoluntary_ctxt_switches:	119

Name:	lxterminal
Umask:	0022
State:	S (sleeping)
Tgid:	1084
Ngid:	0
Pid:	1084
PPid:	907
TracerPid:	0
Uid:	1000	1000	1000	1000
Gid:	1000	1000	1000	1000
FDSize:	32
Groups:	4 20 24 27 29 44 46 60 100 105 109 997 998 999 1000 
NStgid:	1084
NSpid:	1084
NSpgid:	839
NSsid:	839
VmPeak:	  176700 kB
VmSize:	  176700 kB
VmLck:	       0 kB
VmPin:	       0 kB
VmHWM:	   49532 kB
VmRSS:	   49532 kB
RssAnon:	   10244 kB
RssFile:	   39288 kB
RssShmem:	       0 kB
VmData:	   41624 kB
VmStk:	     132 kB
VmExe:	      56 kB
VmLib:	   81476 kB
VmPTE:	     148 kB
VmSwap:	       0 kB
HugetlbPages:	       0 kB
CoreDumping:	0
Threads:	3
SigQ:	0/27847
SigPnd:	0000000000000000
ShdPnd:	0000000000000000
SigBlk:	0000000000000000
SigIgn:	0000000000001000
SigCgt:	0000000180010000
CapInh:	0000000000000000
CapPrm:	0000000000000000
CapEff:	0000000000000000
CapBnd:	0000003fffffffff
CapAmb:	0000000000000000
NoNewPrivs:	0
Seccomp:	0
Speculation_Store_Bypass:	vulnerable
Cpus_allowed:	1
Cpus_allowed_list:	0
Mems_allowed:	1
Mems_allowed_list:	0
voluntary_ctxt_switches:	8306
nonvoluntary_ctxt_switches:	3263

Name:	Xorg
Umask:	0022
State:	S (sleeping)
Tgid:	587
Ngid:	0
Pid:	587
PPid:	544
TracerPid:	0
Uid:	0	0	0	0
Gid:	0	0	0	0
FDSize:	256
Groups:	 
NStgid:	587
NSpid:	587
NSpgid:	587
NSsid:	587
VmPeak:	  167088 kB
VmSize:	  156264 kB
VmLck:	       0 kB
VmPin:	       0 kB
VmHWM:	   50868 kB
VmRSS:	   46116 kB
RssAnon:	   16328 kB
RssFile:	   28440 kB
RssShmem:	    1348 kB
VmData:	   24372 kB
VmStk:	     132 kB
VmExe:	    1776 kB
VmLib:	   73876 kB
VmPTE:	     144 kB
VmSwap:	       0 kB
HugetlbPages:	       0 kB
CoreDumping:	0
Threads:	2
SigQ:	0/27847
SigPnd:	0000000000000000
ShdPnd:	0000000000000000
SigBlk:	0000000000000000
SigIgn:	0000000000001000
SigCgt:	00000001c18066ef
CapInh:	0000000000000000
CapPrm:	0000003fffffffff
CapEff:	0000003fffffffff
CapBnd:	0000003fffffffff
CapAmb:	0000000000000000
NoNewPrivs:	0
Seccomp:	0
Speculation_Store_Bypass:	vulnerable
Cpus_allowed:	1
Cpus_allowed_list:	0
Mems_allowed:	1
Mems_allowed_list:	0
voluntary_ctxt_switches:	38777
nonvoluntary_ctxt_switches:	48845

TIME: 22:29:19 17/09/20
MEMORY USAGE: 19.8%
CONTINUING THE LOG WHICH STARTED 6 MINUTES AGO
F S UID        PID  PPID  C PRI  NI ADDR SZ WCHAN    RSS PSR STIME TTY          TIME CMD
1 S pi        1633  1566  3  80   0 - 129965 -     158288  0 22:28 ?        00:00:01 /usr/lib/chromium/chromium --type=renderer --file-url-path-alias=/gen=/usr/lib/chromium/gen --disable-webrtc-apm-in-audio-service --field-trial-handle=5978821446679412964,1351979328455132545,131072 --lang=en-US --enable-auto-reload --ppapi-flash-args=enable_stagevideo_auto=0 --ppapi-flash-path=/usr/lib/chromium/libpepflashplayer.so --ppapi-flash-version=32.0.0.433 --num-raster-threads=1 --renderer-client-id=6 --no-v8-untrusted-code-mitigations --shared-files=v8_snapshot_data:100

F S UID        PID  PPID  C PRI  NI ADDR SZ WCHAN    RSS PSR STIME TTY          TIME CMD
0 S pi        1547   907  5  80   0 - 155876 poll_s 155808 0 22:28 ?        00:00:03 /usr/lib/chromium/chromium --enable-remote-extensions --ppapi-flash-path=/usr/lib/chromium/libpepflashplayer.so --ppapi-flash-args=enable_stagevideo_auto=0 --ppapi-flash-version=32.0.0.433

F S UID        PID  PPID  C PRI  NI ADDR SZ WCHAN    RSS PSR STIME TTY          TIME CMD
1 S pi        1668  1566  4  80   0 - 119897 -     109372  0 22:28 ?        00:00:02 /usr/lib/chromium/chromium --type=renderer --file-url-path-alias=/gen=/usr/lib/chromium/gen --disable-webrtc-apm-in-audio-service --field-trial-handle=5978821446679412964,1351979328455132545,131072 --lang=en-US --extension-process --enable-auto-reload --ppapi-flash-args=enable_stagevideo_auto=0 --ppapi-flash-path=/usr/lib/chromium/libpepflashplayer.so --ppapi-flash-version=32.0.0.433 --num-raster-threads=1 --renderer-client-id=4 --no-v8-untrusted-code-mitigations --shared-files=v8_snapshot_data:100

F S UID        PID  PPID  C PRI  NI ADDR SZ WCHAN    RSS PSR STIME TTY          TIME CMD
0 S pi        1615  1547  1  80   0 - 93959 futex_ 105044  0 22:28 ?        00:00:00 /usr/lib/chromium/chromium --type=utility --field-trial-handle=5978821446679412964,1351979328455132545,131072 --lang=en-US --service-sandbox-type=network --disable-webrtc-apm-in-audio-service --shared-files=v8_snapshot_data:100

F S UID        PID  PPID  C PRI  NI ADDR SZ WCHAN    RSS PSR STIME TTY          TIME CMD
0 S pi        1562  1547  0  80   0 - 81832 poll_s 95112   0 22:28 ?        00:00:00 /usr/lib/chromium/chromium --type=zygote --no-zygote-sandbox --ppapi-flash-path=/usr/lib/chromium/libpepflashplayer.so --ppapi-flash-version=32.0.0.433

Name:	chromium
Umask:	0022
State:	S (sleeping)
Tgid:	1633
Ngid:	0
Pid:	1633
PPid:	1566
TracerPid:	0
Uid:	1000	1000	1000	1000
Gid:	1000	1000	1000	1000
FDSize:	512
Groups:	4 20 24 27 29 44 46 60 100 105 109 997 998 999 1000 
NStgid:	1633	4
NSpid:	1633	4
NSpgid:	839	0
NSsid:	839	0
VmPeak:	  519860 kB
VmSize:	  519860 kB
VmLck:	       0 kB
VmPin:	       0 kB
VmHWM:	  166416 kB
VmRSS:	  158288 kB
RssAnon:	   40080 kB
RssFile:	   88740 kB
RssShmem:	   29468 kB
VmData:	  145916 kB
VmStk:	     132 kB
VmExe:	  151068 kB
VmLib:	   42924 kB
VmPTE:	     600 kB
VmSwap:	       0 kB
HugetlbPages:	       0 kB
CoreDumping:	0
Threads:	12
SigQ:	0/27847
SigPnd:	0000000000000000
ShdPnd:	0000000000000000
SigBlk:	0000000000000000
SigIgn:	0000000000001002
SigCgt:	00000001c00104e8
CapInh:	0000000000000000
CapPrm:	0000000000000000
CapEff:	0000000000000000
CapBnd:	0000003fffffffff
CapAmb:	0000000000000000
NoNewPrivs:	1
Seccomp:	2
Speculation_Store_Bypass:	vulnerable
Cpus_allowed:	1
Cpus_allowed_list:	0
Mems_allowed:	1
Mems_allowed_list:	0
voluntary_ctxt_switches:	414
nonvoluntary_ctxt_switches:	1612

Name:	chromium
Umask:	0022
State:	S (sleeping)
Tgid:	1547
Ngid:	0
Pid:	1547
PPid:	907
TracerPid:	0
Uid:	1000	1000	1000	1000
Gid:	1000	1000	1000	1000
FDSize:	512
Groups:	4 20 24 27 29 44 46 60 100 105 109 997 998 999 1000 
NStgid:	1547
NSpid:	1547
NSpgid:	839
NSsid:	839
VmPeak:	  642472 kB
VmSize:	  623504 kB
VmLck:	      16 kB
VmPin:	       0 kB
VmHWM:	  155808 kB
VmRSS:	  155808 kB
RssAnon:	   28180 kB
RssFile:	  127484 kB
RssShmem:	     144 kB
VmData:	  270732 kB
VmStk:	     132 kB
VmExe:	  151068 kB
VmLib:	   28004 kB
VmPTE:	     476 kB
VmSwap:	       0 kB
HugetlbPages:	       0 kB
CoreDumping:	0
Threads:	27
SigQ:	0/27847
SigPnd:	0000000000000000
ShdPnd:	0000000000000000
SigBlk:	0000000000000000
SigIgn:	0000000000001000
SigCgt:	00000001800144eb
CapInh:	0000000000000000
CapPrm:	0000000000000000
CapEff:	0000000000000000
CapBnd:	0000003fffffffff
CapAmb:	0000000000000000
NoNewPrivs:	0
Seccomp:	0
Speculation_Store_Bypass:	vulnerable
Cpus_allowed:	1
Cpus_allowed_list:	0
Mems_allowed:	1
Mems_allowed_list:	0
voluntary_ctxt_switches:	4268
nonvoluntary_ctxt_switches:	4009

Name:	chromium
Umask:	0022
State:	S (sleeping)
Tgid:	1668
Ngid:	0
Pid:	1668
PPid:	1566
TracerPid:	0
Uid:	1000	1000	1000	1000
Gid:	1000	1000	1000	1000
FDSize:	256
Groups:	4 20 24 27 29 44 46 60 100 105 109 997 998 999 1000 
NStgid:	1668	20
NSpid:	1668	20
NSpgid:	839	0
NSsid:	839	0
VmPeak:	  498600 kB
VmSize:	  479588 kB
VmLck:	       0 kB
VmPin:	       0 kB
VmHWM:	  137212 kB
VmRSS:	  109372 kB
RssAnon:	   30452 kB
RssFile:	   77672 kB
RssShmem:	    1248 kB
VmData:	  142356 kB
VmStk:	     132 kB
VmExe:	  151068 kB
VmLib:	   42936 kB
VmPTE:	     712 kB
VmSwap:	       0 kB
HugetlbPages:	       0 kB
CoreDumping:	0
Threads:	10
SigQ:	0/27847
SigPnd:	0000000000000000
ShdPnd:	0000000000000000
SigBlk:	0000000000000000
SigIgn:	0000000000001002
SigCgt:	00000001c00104e8
CapInh:	0000000000000000
CapPrm:	0000000000000000
CapEff:	0000000000000000
CapBnd:	0000003fffffffff
CapAmb:	0000000000000000
NoNewPrivs:	1
Seccomp:	2
Speculation_Store_Bypass:	vulnerable
Cpus_allowed:	1
Cpus_allowed_list:	0
Mems_allowed:	1
Mems_allowed_list:	0
voluntary_ctxt_switches:	372
nonvoluntary_ctxt_switches:	1446

Name:	chromium
Umask:	0022
State:	S (sleeping)
Tgid:	1615
Ngid:	0
Pid:	1615
PPid:	1547
TracerPid:	0
Uid:	1000	1000	1000	1000
Gid:	1000	1000	1000	1000
FDSize:	512
Groups:	4 20 24 27 29 44 46 60 100 105 109 997 998 999 1000 
NStgid:	1615
NSpid:	1615
NSpgid:	839
NSsid:	839
VmPeak:	  412060 kB
VmSize:	  375836 kB
VmLck:	      16 kB
VmPin:	       0 kB
VmHWM:	  105044 kB
VmRSS:	  105044 kB
RssAnon:	   12752 kB
RssFile:	   92292 kB
RssShmem:	       0 kB
VmData:	   74904 kB
VmStk:	     132 kB
VmExe:	  151068 kB
VmLib:	   29268 kB
VmPTE:	     308 kB
VmSwap:	       0 kB
HugetlbPages:	       0 kB
CoreDumping:	0
Threads:	8
SigQ:	0/27847
SigPnd:	0000000000000000
ShdPnd:	0000000000000000
SigBlk:	0000000000000000
SigIgn:	0000000000001002
SigCgt:	00000001800004e8
CapInh:	0000000000000000
CapPrm:	0000000000000000
CapEff:	0000000000000000
CapBnd:	0000003fffffffff
CapAmb:	0000000000000000
NoNewPrivs:	1
Seccomp:	0
Speculation_Store_Bypass:	vulnerable
Cpus_allowed:	1
Cpus_allowed_list:	0
Mems_allowed:	1
Mems_allowed_list:	0
voluntary_ctxt_switches:	15
nonvoluntary_ctxt_switches:	109

Name:	chromium
Umask:	0022
State:	S (sleeping)
Tgid:	1562
Ngid:	0
Pid:	1562
PPid:	1547
TracerPid:	0
Uid:	1000	1000	1000	1000
Gid:	1000	1000	1000	1000
FDSize:	256
Groups:	4 20 24 27 29 44 46 60 100 105 109 997 998 999 1000 
NStgid:	1562
NSpid:	1562
NSpgid:	839
NSsid:	839
VmPeak:	  327328 kB
VmSize:	  327328 kB
VmLck:	      16 kB
VmPin:	       0 kB
VmHWM:	   95112 kB
VmRSS:	   95112 kB
RssAnon:	    9772 kB
RssFile:	   85340 kB
RssShmem:	       0 kB
VmData:	   15232 kB
VmStk:	     132 kB
VmExe:	  151068 kB
VmLib:	   42616 kB
VmPTE:	     296 kB
VmSwap:	       0 kB
HugetlbPages:	       0 kB
CoreDumping:	0
Threads:	1
SigQ:	0/27847
SigPnd:	0000000000000000
ShdPnd:	0000000000000000
SigBlk:	0000000000000000
SigIgn:	0000000000001002
SigCgt:	00000001800104e8
CapInh:	0000000000000000
CapPrm:	0000000000000000
CapEff:	0000000000000000
CapBnd:	0000003fffffffff
CapAmb:	0000000000000000
NoNewPrivs:	1
Seccomp:	0
Speculation_Store_Bypass:	vulnerable
Cpus_allowed:	1
Cpus_allowed_list:	0
Mems_allowed:	1
Mems_allowed_list:	0
voluntary_ctxt_switches:	96
nonvoluntary_ctxt_switches:	68

